[debug] [2020-04-26T11:37:17.875Z] ----------------------------------------------------------------------
[debug] [2020-04-26T11:37:17.875Z] Command:       C:\Program Files\nodejs\node.exe C:\Users\Rishabh\AppData\Roaming\npm\node_modules\firebase-tools\lib\bin\firebase.js init
[debug] [2020-04-26T11:37:17.875Z] CLI Version:   8.1.1
[debug] [2020-04-26T11:37:17.875Z] Platform:      win32
[debug] [2020-04-26T11:37:17.875Z] Node Version:  v10.16.3
[debug] [2020-04-26T11:37:17.875Z] Time:          Sun Apr 26 2020 17:07:17 GMT+0530 (India Standard Time)
[debug] [2020-04-26T11:37:17.875Z] ----------------------------------------------------------------------
[debug] [2020-04-26T11:37:17.875Z] 
[debug] [2020-04-26T11:37:17.891Z] > command requires scopes: ["email","openid","https://www.googleapis.com/auth/cloudplatformprojects.readonly","https://www.googleapis.com/auth/firebase","https://www.googleapis.com/auth/cloud-platform"]
[debug] [2020-04-26T11:37:17.891Z] > authorizing via signed-in user
[info] 
     ######## #### ########  ######## ########     ###     ######  ########
     ##        ##  ##     ## ##       ##     ##  ##   ##  ##       ##
     ######    ##  ########  ######   ########  #########  ######  ######
     ##        ##  ##    ##  ##       ##     ## ##     ##       ## ##
     ##       #### ##     ## ######## ########  ##     ##  ######  ########

You're about to initialize a Firebase project in this directory:

  E:\Angular\carsasKitchen

Before we get started, keep in mind:

  * You are initializing in an existing Firebase project directory

